<?xml version="1.0" encoding="UTF-8"?>
<!-- Generated by org.testng.reporters.JUnitXMLReporter -->
<testsuite ignored="0" hostname="HiteshJHPJLenovoPP" failures="3" tests="3" name="2Level" time="4.826" errors="0" timestamp="12 Sep 2018 07:16:03 GMT">
  <testcase classname="parameters.ParameterByDataprovider" name="testMethod" time="0.001">
    <failure type="java.lang.NullPointerException">
      <![CDATA[java.lang.NullPointerException
at parameters.ParameterByDataprovider.testMethod(ParameterByDataprovider.java:36)
... Removed 25 stack frames]]>
    </failure>
  </testcase> <!-- testMethod -->
  <testcase classname="parameters.ParameterByDataprovider" name="testMethod" time="0.003">
    <failure type="java.lang.NullPointerException">
      <![CDATA[java.lang.NullPointerException
at parameters.ParameterByDataprovider.testMethod(ParameterByDataprovider.java:36)
... Removed 25 stack frames]]>
    </failure>
  </testcase> <!-- testMethod -->
  <testcase classname="parameters.ParameterByDataprovider" name="testMethod" time="0.002">
    <failure type="java.lang.NullPointerException">
      <![CDATA[java.lang.NullPointerException
at parameters.ParameterByDataprovider.testMethod(ParameterByDataprovider.java:36)
... Removed 25 stack frames]]>
    </failure>
  </testcase> <!-- testMethod -->
</testsuite> <!-- 2Level -->
