<?xml version="1.0" encoding="UTF-8"?>
<!-- Generated by org.testng.reporters.JUnitXMLReporter -->
<testsuite ignored="0" hostname="HiteshJHPJLenovoPP" failures="1" tests="5" name="Test" time="0.782" errors="0" timestamp="29 Jan 2019 11:46:58 GMT">
  <testcase classname="framework.ExcelToDataProvider" name="WriteResult" time="0.0">
    <failure type="org.testng.TestNGException" message="
Conversion issue on parameter: DR">
      <![CDATA[org.testng.TestNGException: 
Conversion issue on parameter: DR
Caused by: java.lang.NumberFormatException: For input string: ""
at java.base/java.lang.NumberFormatException.forInputString(NumberFormatException.java:65)
at java.base/java.lang.Integer.parseInt(Integer.java:662)
at java.base/java.lang.Integer.valueOf(Integer.java:983)
... 24 more
... Removed 26 stack frames]]>
    </failure>
  </testcase> <!-- WriteResult -->
  <testcase classname="framework.ExcelToDataProvider" name="AddVariants" time="0.006"/>
  <testcase classname="framework.ExcelToDataProvider" name="AddVariants" time="0.0"/>
  <testcase classname="framework.ExcelToDataProvider" name="AddVariants" time="0.015"/>
  <testcase classname="framework.ExcelToDataProvider" name="AddVariants" time="0.016"/>
</testsuite> <!-- Test -->
