<?xml version="1.0" encoding="UTF-8"?>
<testng-results ignored="0" total="5" passed="4" failed="1" skipped="0">
  <reporter-output>
  </reporter-output>
  <suite started-at="2019-01-29T11:47:18Z" name="Default suite" finished-at="2019-01-29T11:47:19Z" duration-ms="688">
    <groups>
    </groups>
    <test started-at="2019-01-29T11:47:18Z" name="Default test" finished-at="2019-01-29T11:47:19Z" duration-ms="688">
      <class name="framework.ExcelToDataProvider">
        <test-method signature="WriteResult(java.lang.String, int)[pri:0, instance:framework.ExcelToDataProvider@65c7a252]" started-at="2019-01-29T11:47:18Z" name="WriteResult" finished-at="2019-01-29T11:47:18Z" duration-ms="0" status="FAIL">
          <exception class="org.testng.TestNGException">
            <message>
              <![CDATA[
Parameter 'Ress' is required by @Test on method WriteResult but has not been marked @Optional or defined
in C:\Users\Crest\AppData\Local\Temp\testng-eclipse-1035356055\testng-customsuite.xml]]>
            </message>
            <full-stacktrace>
              <![CDATA[org.testng.TestNGException: 
Parameter 'Ress' is required by @Test on method WriteResult but has not been marked @Optional or defined
in C:\Users\Crest\AppData\Local\Temp\testng-eclipse-1035356055\testng-customsuite.xml
at org.testng.internal.Parameters.createParams(Parameters.java:290)
at org.testng.internal.Parameters.createParametersForMethod(Parameters.java:359)
at org.testng.internal.Parameters.createParameters(Parameters.java:620)
at org.testng.internal.Parameters.handleParameters(Parameters.java:769)
at org.testng.internal.ParameterHandler.handleParameters(ParameterHandler.java:49)
at org.testng.internal.ParameterHandler.createParameters(ParameterHandler.java:37)
at org.testng.internal.Invoker.invokeTestMethods(Invoker.java:923)
at org.testng.internal.TestMethodWorker.invokeTestMethods(TestMethodWorker.java:125)
at org.testng.internal.TestMethodWorker.run(TestMethodWorker.java:109)
at org.testng.TestRunner.privateRun(TestRunner.java:648)
at org.testng.TestRunner.run(TestRunner.java:505)
at org.testng.SuiteRunner.runTest(SuiteRunner.java:455)
at org.testng.SuiteRunner.runSequentially(SuiteRunner.java:450)
at org.testng.SuiteRunner.privateRun(SuiteRunner.java:415)
at org.testng.SuiteRunner.run(SuiteRunner.java:364)
at org.testng.SuiteRunnerWorker.runSuite(SuiteRunnerWorker.java:52)
at org.testng.SuiteRunnerWorker.run(SuiteRunnerWorker.java:84)
at org.testng.TestNG.runSuitesSequentially(TestNG.java:1208)
at org.testng.TestNG.runSuitesLocally(TestNG.java:1137)
at org.testng.TestNG.runSuites(TestNG.java:1049)
at org.testng.TestNG.run(TestNG.java:1017)
at org.testng.remote.AbstractRemoteTestNG.run(AbstractRemoteTestNG.java:114)
at org.testng.remote.RemoteTestNG.initAndRun(RemoteTestNG.java:251)
at org.testng.remote.RemoteTestNG.main(RemoteTestNG.java:77)
]]>
            </full-stacktrace>
          </exception> <!-- org.testng.TestNGException -->
          <reporter-output>
          </reporter-output>
        </test-method> <!-- WriteResult -->
        <test-method signature="AddVariants(java.lang.String, java.lang.String, java.lang.String, java.lang.String, java.lang.String, java.lang.String)[pri:1, instance:framework.ExcelToDataProvider@65c7a252]" started-at="2019-01-29T11:47:19Z" name="AddVariants" data-provider="ReadVariant" finished-at="2019-01-29T11:47:19Z" duration-ms="16" status="PASS">
          <params>
            <param index="0">
              <value>
                <![CDATA[test1]]>
              </value>
            </param>
            <param index="1">
              <value>
                <![CDATA[1234]]>
              </value>
            </param>
            <param index="2">
              <value>
                <![CDATA[test456]]>
              </value>
            </param>
            <param index="3">
              <value>
                <![CDATA[test]]>
              </value>
            </param>
            <param index="4">
              <value>
                <![CDATA[etet]]>
              </value>
            </param>
            <param index="5">
              <value>
                <![CDATA[]]>
              </value>
            </param>
          </params>
          <reporter-output>
          </reporter-output>
        </test-method> <!-- AddVariants -->
        <test-method signature="AddVariants(java.lang.String, java.lang.String, java.lang.String, java.lang.String, java.lang.String, java.lang.String)[pri:1, instance:framework.ExcelToDataProvider@65c7a252]" started-at="2019-01-29T11:47:19Z" name="AddVariants" data-provider="ReadVariant" finished-at="2019-01-29T11:47:19Z" duration-ms="16" status="PASS">
          <params>
            <param index="0">
              <value>
                <![CDATA[test3]]>
              </value>
            </param>
            <param index="1">
              <value>
                <![CDATA[et]]>
              </value>
            </param>
            <param index="2">
              <value>
                <![CDATA[test012]]>
              </value>
            </param>
            <param index="3">
              <value>
                <![CDATA[et]]>
              </value>
            </param>
            <param index="4">
              <value>
                <![CDATA[etet]]>
              </value>
            </param>
            <param index="5">
              <value>
                <![CDATA[]]>
              </value>
            </param>
          </params>
          <reporter-output>
          </reporter-output>
        </test-method> <!-- AddVariants -->
        <test-method signature="AddVariants(java.lang.String, java.lang.String, java.lang.String, java.lang.String, java.lang.String, java.lang.String)[pri:1, instance:framework.ExcelToDataProvider@65c7a252]" started-at="2019-01-29T11:47:19Z" name="AddVariants" data-provider="ReadVariant" finished-at="2019-01-29T11:47:19Z" duration-ms="0" status="PASS">
          <params>
            <param index="0">
              <value>
                <![CDATA[test2]]>
              </value>
            </param>
            <param index="1">
              <value>
                <![CDATA[test123]]>
              </value>
            </param>
            <param index="2">
              <value>
                <![CDATA[test789]]>
              </value>
            </param>
            <param index="3">
              <value>
                <![CDATA[teet]]>
              </value>
            </param>
            <param index="4">
              <value>
                <![CDATA[etett]]>
              </value>
            </param>
            <param index="5">
              <value>
                <![CDATA[]]>
              </value>
            </param>
          </params>
          <reporter-output>
          </reporter-output>
        </test-method> <!-- AddVariants -->
        <test-method signature="AddVariants(java.lang.String, java.lang.String, java.lang.String, java.lang.String, java.lang.String, java.lang.String)[pri:1, instance:framework.ExcelToDataProvider@65c7a252]" started-at="2019-01-29T11:47:19Z" name="AddVariants" data-provider="ReadVariant" finished-at="2019-01-29T11:47:19Z" duration-ms="15" status="PASS">
          <params>
            <param index="0">
              <value>
                <![CDATA[test4]]>
              </value>
            </param>
            <param index="1">
              <value>
                <![CDATA[et]]>
              </value>
            </param>
            <param index="2">
              <value>
                <![CDATA[et]]>
              </value>
            </param>
            <param index="3">
              <value>
                <![CDATA[tet]]>
              </value>
            </param>
            <param index="4">
              <value>
                <![CDATA[etet]]>
              </value>
            </param>
            <param index="5">
              <value>
                <![CDATA[]]>
              </value>
            </param>
          </params>
          <reporter-output>
          </reporter-output>
        </test-method> <!-- AddVariants -->
      </class> <!-- framework.ExcelToDataProvider -->
    </test> <!-- Default test -->
  </suite> <!-- Default suite -->
</testng-results>
