<?xml version="1.0" encoding="UTF-8"?>
<!-- Generated by org.testng.reporters.JUnitXMLReporter -->
<testsuite ignored="0" hostname="HiteshJHPJLenovoPP" failures="0" tests="2" name="InstanceDataProviderTest" time="0.043" errors="0" timestamp="12 Sep 2018 07:03:59 GMT">
  <testcase classname="parameters.InstanceDataProviderExample" name="instanceDbProvider" time="0.008"/>
  <testcase classname="parameters.InstanceDataProviderExample" name="instanceDbProvider" time="0.002"/>
</testsuite> <!-- InstanceDataProviderTest -->
